<?xml version="1.0" encoding="UTF-8" standalone="yes"?><!DOCTYPE report PUBLIC "-//JACOCO//DTD Report 1.0//EN" "report.dtd"><report name="studentData"><sessioninfo id="XIPLRAC034-49d3155b" start="1557391310651" dump="1557391315591"/><package name="com/student/impl"><class name="com/student/impl/StudentScoreUpdate"><method name="&lt;init&gt;" desc="(Lcom/student/studentData/Database;)V" line="9"><counter type="INSTRUCTION" missed="0" covered="6"/><counter type="LINE" missed="0" covered="3"/><counter type="COMPLEXITY" missed="0" covered="1"/><counter type="METHOD" missed="0" covered="1"/></method><method name="calculateSumAndScore" desc="(Ljava/lang/String;[I)V" line="14"><counter type="INSTRUCTION" missed="0" covered="28"/><counter type="BRANCH" missed="0" covered="2"/><counter type="LINE" missed="0" covered="5"/><counter type="COMPLEXITY" missed="0" covered="2"/><counter type="METHOD" missed="0" covered="1"/></method><counter type="INSTRUCTION" missed="0" covered="34"/><counter type="BRANCH" missed="0" covered="2"/><counter type="LINE" missed="0" covered="8"/><counter type="COMPLEXITY" missed="0" covered="3"/><counter type="METHOD" missed="0" covered="2"/><counter type="CLASS" missed="0" covered="1"/></class><sourcefile name="StudentScoreUpdate.java"><line nr="9" mi="0" ci="2" mb="0" cb="0"/><line nr="10" mi="0" ci="3" mb="0" cb="0"/><line nr="11" mi="0" ci="1" mb="0" cb="0"/><line nr="14" mi="0" ci="2" mb="0" cb="0"/><line nr="15" mi="0" ci="16" mb="0" cb="2"/><line nr="16" mi="0" ci="4" mb="0" cb="0"/><line nr="18" mi="0" ci="5" mb="0" cb="0"/><line nr="19" mi="0" ci="1" mb="0" cb="0"/><counter type="INSTRUCTION" missed="0" covered="34"/><counter type="BRANCH" missed="0" covered="2"/><counter type="LINE" missed="0" covered="8"/><counter type="COMPLEXITY" missed="0" covered="3"/><counter type="METHOD" missed="0" covered="2"/><counter type="CLASS" missed="0" covered="1"/></sourcefile><counter type="INSTRUCTION" missed="0" covered="34"/><counter type="BRANCH" missed="0" covered="2"/><counter type="LINE" missed="0" covered="8"/><counter type="COMPLEXITY" missed="0" covered="3"/><counter type="METHOD" missed="0" covered="2"/><counter type="CLASS" missed="0" covered="1"/></package><package name="com/student/studentData"><class name="com/student/studentData/StudentDataApplication"><method name="&lt;init&gt;" desc="()V" line="9"><counter type="INSTRUCTION" missed="0" covered="3"/><counter type="LINE" missed="0" covered="1"/><counter type="COMPLEXITY" missed="0" covered="1"/><counter type="METHOD" missed="0" covered="1"/></method><method name="main" desc="([Ljava/lang/String;)V" line="12"><counter type="INSTRUCTION" missed="35" covered="0"/><counter type="LINE" missed="5" covered="0"/><counter type="COMPLEXITY" missed="1" covered="0"/><counter type="METHOD" missed="1" covered="0"/></method><counter type="INSTRUCTION" missed="35" covered="3"/><counter type="LINE" missed="5" covered="1"/><counter type="COMPLEXITY" missed="1" covered="1"/><counter type="METHOD" missed="1" covered="1"/><counter type="CLASS" missed="0" covered="1"/></class><class name="com/student/studentData/StudentDataApplication$1"><method name="&lt;init&gt;" desc="()V" line="13"><counter type="INSTRUCTION" missed="3" covered="0"/><counter type="LINE" missed="1" covered="0"/><counter type="COMPLEXITY" missed="1" covered="0"/><counter type="METHOD" missed="1" covered="0"/></method><method name="updateScores" desc="(Ljava/lang/String;I)V" line="17"><counter type="INSTRUCTION" missed="13" covered="0"/><counter type="LINE" missed="2" covered="0"/><counter type="COMPLEXITY" missed="1" covered="0"/><counter type="METHOD" missed="1" covered="0"/></method><counter type="INSTRUCTION" missed="16" covered="0"/><counter type="LINE" missed="3" covered="0"/><counter type="COMPLEXITY" missed="2" covered="0"/><counter type="METHOD" missed="2" covered="0"/><counter type="CLASS" missed="1" covered="0"/></class><sourcefile name="StudentDataApplication.java"><line nr="9" mi="0" ci="3" mb="0" cb="0"/><line nr="12" mi="4" ci="0" mb="0" cb="0"/><line nr="13" mi="7" ci="0" mb="0" cb="0"/><line nr="17" mi="12" ci="0" mb="0" cb="0"/><line nr="19" mi="1" ci="0" mb="0" cb="0"/><line nr="21" mi="5" ci="0" mb="0" cb="0"/><line nr="22" mi="21" ci="0" mb="0" cb="0"/><line nr="23" mi="1" ci="0" mb="0" cb="0"/><counter type="INSTRUCTION" missed="51" covered="3"/><counter type="LINE" missed="7" covered="1"/><counter type="COMPLEXITY" missed="3" covered="1"/><counter type="METHOD" missed="3" covered="1"/><counter type="CLASS" missed="1" covered="1"/></sourcefile><counter type="INSTRUCTION" missed="51" covered="3"/><counter type="LINE" missed="7" covered="1"/><counter type="COMPLEXITY" missed="3" covered="1"/><counter type="METHOD" missed="3" covered="1"/><counter type="CLASS" missed="1" covered="1"/></package><counter type="INSTRUCTION" missed="51" covered="37"/><counter type="BRANCH" missed="0" covered="2"/><counter type="LINE" missed="7" covered="9"/><counter type="COMPLEXITY" missed="3" covered="4"/><counter type="METHOD" missed="3" covered="3"/><counter type="CLASS" missed="1" covered="2"/></report>